2020-06-28 00:01:43,684 INFO [org.springframework.test.context.support.DefaultTestContextBootstrapper] - Loaded default TestExecutionListener class names from location [META-INF/spring.factories]: [org.springframework.test.context.web.ServletTestExecutionListener, org.springframework.test.context.support.DirtiesContextBeforeModesTestExecutionListener, org.springframework.test.context.support.DependencyInjectionTestExecutionListener, org.springframework.test.context.support.DirtiesContextTestExecutionListener, org.springframework.test.context.transaction.TransactionalTestExecutionListener, org.springframework.test.context.jdbc.SqlScriptsTestExecutionListener]
2020-06-28 00:01:43,720 INFO [org.springframework.test.context.support.DefaultTestContextBootstrapper] - Using TestExecutionListeners: [org.springframework.test.context.web.ServletTestExecutionListener@29ee9faa, org.springframework.test.context.support.DirtiesContextBeforeModesTestExecutionListener@c038203, org.springframework.test.context.support.DependencyInjectionTestExecutionListener@cc285f4, org.springframework.test.context.support.DirtiesContextTestExecutionListener@55f3ddb1, org.springframework.test.context.transaction.TransactionalTestExecutionListener@8bd1b6a, org.springframework.test.context.jdbc.SqlScriptsTestExecutionListener@18be83e4]
2020-06-28 00:01:43,810 INFO [org.springframework.beans.factory.xml.XmlBeanDefinitionReader] - Loading XML bean definitions from class path resource [spring-context.xml]
2020-06-28 00:01:44,096 INFO [org.springframework.beans.factory.xml.XmlBeanDefinitionReader] - Loading XML bean definitions from class path resource [spring-context-druid.xml]
2020-06-28 00:01:44,135 INFO [org.springframework.beans.factory.xml.XmlBeanDefinitionReader] - Loading XML bean definitions from class path resource [spring-context-mybatis.xml]
2020-06-28 00:01:44,153 INFO [org.springframework.context.support.GenericApplicationContext] - Refreshing org.springframework.context.support.GenericApplicationContext@2d928643: startup date [Sun Jun 28 00:01:44 CST 2020]; root of context hierarchy
2020-06-28 00:01:45,050 INFO [com.alibaba.druid.pool.DruidDataSource] - {dataSource-1} inited
2020-06-28 00:01:45,598 INFO [org.springframework.context.support.GenericApplicationContext] - Closing org.springframework.context.support.GenericApplicationContext@2d928643: startup date [Sun Jun 28 00:01:44 CST 2020]; root of context hierarchy
2020-06-28 00:01:45,603 INFO [com.alibaba.druid.pool.DruidDataSource] - {dataSource-1} closed
2020-06-28 00:02:02,586 INFO [org.springframework.test.context.support.DefaultTestContextBootstrapper] - Loaded default TestExecutionListener class names from location [META-INF/spring.factories]: [org.springframework.test.context.web.ServletTestExecutionListener, org.springframework.test.context.support.DirtiesContextBeforeModesTestExecutionListener, org.springframework.test.context.support.DependencyInjectionTestExecutionListener, org.springframework.test.context.support.DirtiesContextTestExecutionListener, org.springframework.test.context.transaction.TransactionalTestExecutionListener, org.springframework.test.context.jdbc.SqlScriptsTestExecutionListener]
2020-06-28 00:02:02,618 INFO [org.springframework.test.context.support.DefaultTestContextBootstrapper] - Using TestExecutionListeners: [org.springframework.test.context.web.ServletTestExecutionListener@29ee9faa, org.springframework.test.context.support.DirtiesContextBeforeModesTestExecutionListener@c038203, org.springframework.test.context.support.DependencyInjectionTestExecutionListener@cc285f4, org.springframework.test.context.support.DirtiesContextTestExecutionListener@55f3ddb1, org.springframework.test.context.transaction.TransactionalTestExecutionListener@8bd1b6a, org.springframework.test.context.jdbc.SqlScriptsTestExecutionListener@18be83e4]
2020-06-28 00:02:02,735 INFO [org.springframework.beans.factory.xml.XmlBeanDefinitionReader] - Loading XML bean definitions from class path resource [spring-context.xml]
2020-06-28 00:02:03,023 INFO [org.springframework.beans.factory.xml.XmlBeanDefinitionReader] - Loading XML bean definitions from class path resource [spring-context-druid.xml]
2020-06-28 00:02:03,062 INFO [org.springframework.beans.factory.xml.XmlBeanDefinitionReader] - Loading XML bean definitions from class path resource [spring-context-mybatis.xml]
2020-06-28 00:02:03,082 INFO [org.springframework.context.support.GenericApplicationContext] - Refreshing org.springframework.context.support.GenericApplicationContext@2d928643: startup date [Sun Jun 28 00:02:03 CST 2020]; root of context hierarchy
2020-06-28 00:02:04,125 INFO [com.alibaba.druid.pool.DruidDataSource] - {dataSource-1} inited
2020-06-28 00:02:04,630 INFO [org.springframework.context.support.GenericApplicationContext] - Closing org.springframework.context.support.GenericApplicationContext@2d928643: startup date [Sun Jun 28 00:02:03 CST 2020]; root of context hierarchy
2020-06-28 00:02:04,635 INFO [com.alibaba.druid.pool.DruidDataSource] - {dataSource-1} closed
2020-06-28 00:07:26,012 INFO [org.springframework.test.context.support.DefaultTestContextBootstrapper] - Loaded default TestExecutionListener class names from location [META-INF/spring.factories]: [org.springframework.test.context.web.ServletTestExecutionListener, org.springframework.test.context.support.DirtiesContextBeforeModesTestExecutionListener, org.springframework.test.context.support.DependencyInjectionTestExecutionListener, org.springframework.test.context.support.DirtiesContextTestExecutionListener, org.springframework.test.context.transaction.TransactionalTestExecutionListener, org.springframework.test.context.jdbc.SqlScriptsTestExecutionListener]
2020-06-28 00:07:26,040 INFO [org.springframework.test.context.support.DefaultTestContextBootstrapper] - Using TestExecutionListeners: [org.springframework.test.context.web.ServletTestExecutionListener@29ee9faa, org.springframework.test.context.support.DirtiesContextBeforeModesTestExecutionListener@c038203, org.springframework.test.context.support.DependencyInjectionTestExecutionListener@cc285f4, org.springframework.test.context.support.DirtiesContextTestExecutionListener@55f3ddb1, org.springframework.test.context.transaction.TransactionalTestExecutionListener@8bd1b6a, org.springframework.test.context.jdbc.SqlScriptsTestExecutionListener@18be83e4]
2020-06-28 00:07:26,141 INFO [org.springframework.beans.factory.xml.XmlBeanDefinitionReader] - Loading XML bean definitions from class path resource [spring-context.xml]
2020-06-28 00:07:26,396 INFO [org.springframework.beans.factory.xml.XmlBeanDefinitionReader] - Loading XML bean definitions from class path resource [spring-context-druid.xml]
2020-06-28 00:07:26,440 INFO [org.springframework.beans.factory.xml.XmlBeanDefinitionReader] - Loading XML bean definitions from class path resource [spring-context-mybatis.xml]
2020-06-28 00:07:26,461 INFO [org.springframework.context.support.GenericApplicationContext] - Refreshing org.springframework.context.support.GenericApplicationContext@2d928643: startup date [Sun Jun 28 00:07:26 CST 2020]; root of context hierarchy
2020-06-28 00:07:27,351 INFO [com.alibaba.druid.pool.DruidDataSource] - {dataSource-1} inited
2020-06-28 00:07:27,968 INFO [org.springframework.context.support.GenericApplicationContext] - Closing org.springframework.context.support.GenericApplicationContext@2d928643: startup date [Sun Jun 28 00:07:26 CST 2020]; root of context hierarchy
2020-06-28 00:07:27,973 INFO [com.alibaba.druid.pool.DruidDataSource] - {dataSource-1} closed
2020-06-28 00:17:22,057 INFO [org.springframework.test.context.support.DefaultTestContextBootstrapper] - Loaded default TestExecutionListener class names from location [META-INF/spring.factories]: [org.springframework.test.context.web.ServletTestExecutionListener, org.springframework.test.context.support.DirtiesContextBeforeModesTestExecutionListener, org.springframework.test.context.support.DependencyInjectionTestExecutionListener, org.springframework.test.context.support.DirtiesContextTestExecutionListener, org.springframework.test.context.transaction.TransactionalTestExecutionListener, org.springframework.test.context.jdbc.SqlScriptsTestExecutionListener]
2020-06-28 00:17:22,086 INFO [org.springframework.test.context.support.DefaultTestContextBootstrapper] - Using TestExecutionListeners: [org.springframework.test.context.web.ServletTestExecutionListener@29ee9faa, org.springframework.test.context.support.DirtiesContextBeforeModesTestExecutionListener@c038203, org.springframework.test.context.support.DependencyInjectionTestExecutionListener@cc285f4, org.springframework.test.context.support.DirtiesContextTestExecutionListener@55f3ddb1, org.springframework.test.context.transaction.TransactionalTestExecutionListener@8bd1b6a, org.springframework.test.context.jdbc.SqlScriptsTestExecutionListener@18be83e4]
2020-06-28 00:17:22,206 INFO [org.springframework.beans.factory.xml.XmlBeanDefinitionReader] - Loading XML bean definitions from class path resource [spring-context.xml]
2020-06-28 00:17:22,538 INFO [org.springframework.beans.factory.xml.XmlBeanDefinitionReader] - Loading XML bean definitions from class path resource [spring-context-druid.xml]
2020-06-28 00:17:22,590 INFO [org.springframework.beans.factory.xml.XmlBeanDefinitionReader] - Loading XML bean definitions from class path resource [spring-context-mybatis.xml]
2020-06-28 00:17:22,611 INFO [org.springframework.context.support.GenericApplicationContext] - Refreshing org.springframework.context.support.GenericApplicationContext@2d928643: startup date [Sun Jun 28 00:17:22 CST 2020]; root of context hierarchy
2020-06-28 00:17:23,534 INFO [com.alibaba.druid.pool.DruidDataSource] - {dataSource-1} inited
2020-06-28 00:17:24,065 INFO [org.springframework.context.support.GenericApplicationContext] - Closing org.springframework.context.support.GenericApplicationContext@2d928643: startup date [Sun Jun 28 00:17:22 CST 2020]; root of context hierarchy
2020-06-28 00:17:24,071 INFO [com.alibaba.druid.pool.DruidDataSource] - {dataSource-1} closed
2020-06-28 00:28:55,959 INFO [org.springframework.test.context.support.DefaultTestContextBootstrapper] - Loaded default TestExecutionListener class names from location [META-INF/spring.factories]: [org.springframework.test.context.web.ServletTestExecutionListener, org.springframework.test.context.support.DirtiesContextBeforeModesTestExecutionListener, org.springframework.test.context.support.DependencyInjectionTestExecutionListener, org.springframework.test.context.support.DirtiesContextTestExecutionListener, org.springframework.test.context.transaction.TransactionalTestExecutionListener, org.springframework.test.context.jdbc.SqlScriptsTestExecutionListener]
2020-06-28 00:28:55,994 INFO [org.springframework.test.context.support.DefaultTestContextBootstrapper] - Using TestExecutionListeners: [org.springframework.test.context.web.ServletTestExecutionListener@29ee9faa, org.springframework.test.context.support.DirtiesContextBeforeModesTestExecutionListener@c038203, org.springframework.test.context.support.DependencyInjectionTestExecutionListener@cc285f4, org.springframework.test.context.support.DirtiesContextTestExecutionListener@55f3ddb1, org.springframework.test.context.transaction.TransactionalTestExecutionListener@8bd1b6a, org.springframework.test.context.jdbc.SqlScriptsTestExecutionListener@18be83e4]
2020-06-28 00:28:56,124 INFO [org.springframework.beans.factory.xml.XmlBeanDefinitionReader] - Loading XML bean definitions from class path resource [spring-context.xml]
2020-06-28 00:28:56,464 INFO [org.springframework.beans.factory.xml.XmlBeanDefinitionReader] - Loading XML bean definitions from class path resource [spring-context-druid.xml]
2020-06-28 00:28:56,512 INFO [org.springframework.beans.factory.xml.XmlBeanDefinitionReader] - Loading XML bean definitions from class path resource [spring-context-mybatis.xml]
2020-06-28 00:28:56,544 INFO [org.springframework.context.support.GenericApplicationContext] - Refreshing org.springframework.context.support.GenericApplicationContext@2d928643: startup date [Sun Jun 28 00:28:56 CST 2020]; root of context hierarchy
2020-06-28 00:28:57,684 INFO [com.alibaba.druid.pool.DruidDataSource] - {dataSource-1} inited
2020-06-28 00:28:58,239 INFO [org.springframework.context.support.GenericApplicationContext] - Closing org.springframework.context.support.GenericApplicationContext@2d928643: startup date [Sun Jun 28 00:28:56 CST 2020]; root of context hierarchy
2020-06-28 00:28:58,244 INFO [com.alibaba.druid.pool.DruidDataSource] - {dataSource-1} closed
2020-06-28 00:31:21,392 INFO [org.springframework.test.context.support.DefaultTestContextBootstrapper] - Loaded default TestExecutionListener class names from location [META-INF/spring.factories]: [org.springframework.test.context.web.ServletTestExecutionListener, org.springframework.test.context.support.DirtiesContextBeforeModesTestExecutionListener, org.springframework.test.context.support.DependencyInjectionTestExecutionListener, org.springframework.test.context.support.DirtiesContextTestExecutionListener, org.springframework.test.context.transaction.TransactionalTestExecutionListener, org.springframework.test.context.jdbc.SqlScriptsTestExecutionListener]
2020-06-28 00:31:21,425 INFO [org.springframework.test.context.support.DefaultTestContextBootstrapper] - Using TestExecutionListeners: [org.springframework.test.context.web.ServletTestExecutionListener@29ee9faa, org.springframework.test.context.support.DirtiesContextBeforeModesTestExecutionListener@c038203, org.springframework.test.context.support.DependencyInjectionTestExecutionListener@cc285f4, org.springframework.test.context.support.DirtiesContextTestExecutionListener@55f3ddb1, org.springframework.test.context.transaction.TransactionalTestExecutionListener@8bd1b6a, org.springframework.test.context.jdbc.SqlScriptsTestExecutionListener@18be83e4]
2020-06-28 00:31:21,521 INFO [org.springframework.beans.factory.xml.XmlBeanDefinitionReader] - Loading XML bean definitions from class path resource [spring-context.xml]
2020-06-28 00:31:21,813 INFO [org.springframework.beans.factory.xml.XmlBeanDefinitionReader] - Loading XML bean definitions from class path resource [spring-context-druid.xml]
2020-06-28 00:31:21,868 INFO [org.springframework.beans.factory.xml.XmlBeanDefinitionReader] - Loading XML bean definitions from class path resource [spring-context-mybatis.xml]
2020-06-28 00:31:21,889 INFO [org.springframework.context.support.GenericApplicationContext] - Refreshing org.springframework.context.support.GenericApplicationContext@2d928643: startup date [Sun Jun 28 00:31:21 CST 2020]; root of context hierarchy
2020-06-28 00:31:23,067 INFO [com.alibaba.druid.pool.DruidDataSource] - {dataSource-1} inited
2020-06-28 00:31:23,623 INFO [org.springframework.context.support.GenericApplicationContext] - Closing org.springframework.context.support.GenericApplicationContext@2d928643: startup date [Sun Jun 28 00:31:21 CST 2020]; root of context hierarchy
2020-06-28 00:31:23,628 INFO [com.alibaba.druid.pool.DruidDataSource] - {dataSource-1} closed
2020-06-28 00:50:53,659 INFO [org.springframework.test.context.support.DefaultTestContextBootstrapper] - Loaded default TestExecutionListener class names from location [META-INF/spring.factories]: [org.springframework.test.context.web.ServletTestExecutionListener, org.springframework.test.context.support.DirtiesContextBeforeModesTestExecutionListener, org.springframework.test.context.support.DependencyInjectionTestExecutionListener, org.springframework.test.context.support.DirtiesContextTestExecutionListener, org.springframework.test.context.transaction.TransactionalTestExecutionListener, org.springframework.test.context.jdbc.SqlScriptsTestExecutionListener]
2020-06-28 00:50:53,732 INFO [org.springframework.test.context.support.DefaultTestContextBootstrapper] - Using TestExecutionListeners: [org.springframework.test.context.web.ServletTestExecutionListener@29ee9faa, org.springframework.test.context.support.DirtiesContextBeforeModesTestExecutionListener@c038203, org.springframework.test.context.support.DependencyInjectionTestExecutionListener@cc285f4, org.springframework.test.context.support.DirtiesContextTestExecutionListener@55f3ddb1, org.springframework.test.context.transaction.TransactionalTestExecutionListener@8bd1b6a, org.springframework.test.context.jdbc.SqlScriptsTestExecutionListener@18be83e4]
2020-06-28 00:50:53,896 INFO [org.springframework.beans.factory.xml.XmlBeanDefinitionReader] - Loading XML bean definitions from class path resource [spring-context.xml]
2020-06-28 00:50:54,276 INFO [org.springframework.beans.factory.xml.XmlBeanDefinitionReader] - Loading XML bean definitions from class path resource [spring-context-druid.xml]
2020-06-28 00:50:54,321 INFO [org.springframework.beans.factory.xml.XmlBeanDefinitionReader] - Loading XML bean definitions from class path resource [spring-context-mybatis.xml]
2020-06-28 00:50:54,347 INFO [org.springframework.context.support.GenericApplicationContext] - Refreshing org.springframework.context.support.GenericApplicationContext@2d928643: startup date [Sun Jun 28 00:50:54 CST 2020]; root of context hierarchy
2020-06-28 00:50:55,366 INFO [com.alibaba.druid.pool.DruidDataSource] - {dataSource-1} inited
2020-06-28 00:50:55,733 INFO [org.springframework.context.support.GenericApplicationContext] - Closing org.springframework.context.support.GenericApplicationContext@2d928643: startup date [Sun Jun 28 00:50:54 CST 2020]; root of context hierarchy
2020-06-28 00:50:55,738 INFO [com.alibaba.druid.pool.DruidDataSource] - {dataSource-1} closed
